[INFO] Packages to be installed: git python3 python3-pip
[INFO] git has already been installed.
[INFO] python3 has already been installed.
[INFO] python3-pip has already been installed.
[INFO] Cloning repository...
Cloning into '/home/karthika/projects/dev-env-setup/test-123'...
[INFO] Entering repo directory...
[INFO] Detected a Node project. Installing dependencies...
npm warn deprecated node-domexception@1.0.0: Use your platform's native DOMException instead

added 351 packages, and audited 352 packages in 1m

111 packages are looking for funding
  run `npm fund` for details

found 0 vulnerabilities
[INFO] Node dependencies have been installed successfully.
[INFO] Detected a Python project. Installing dependencies...
Requirement already satisfied: pip in ./venv/lib/python3.12/site-packages (24.0)
Collecting pip
  Using cached pip-26.1-py3-none-any.whl.metadata (4.6 kB)
Using cached pip-26.1-py3-none-any.whl (1.8 MB)
Installing collected packages: pip
  Attempting uninstall: pip
    Found existing installation: pip 24.0
    Uninstalling pip-24.0:
      Successfully uninstalled pip-24.0
Successfully installed pip-26.1
Collecting fastapi==0.135.2 (from -r requirements.txt (line 1))
  Using cached fastapi-0.135.2-py3-none-any.whl.metadata (28 kB)
Collecting beautifulsoup4==4.14.3 (from -r requirements.txt (line 2))
  Using cached beautifulsoup4-4.14.3-py3-none-any.whl.metadata (3.8 kB)
Collecting SQLAlchemy==2.0.48 (from -r requirements.txt (line 3))
  Using cached sqlalchemy-2.0.48-cp312-cp312-manylinux2014_x86_64.manylinux_2_17_x86_64.manylinux_2_28_x86_64.whl.metadata (9.5 kB)
Collecting sqlmodel==0.0.37 (from -r requirements.txt (line 4))
  Using cached sqlmodel-0.0.37-py3-none-any.whl.metadata (10 kB)
Collecting starlette>=0.46.0 (from fastapi==0.135.2->-r requirements.txt (line 1))
  Using cached starlette-1.0.0-py3-none-any.whl.metadata (6.3 kB)
Collecting pydantic>=2.9.0 (from fastapi==0.135.2->-r requirements.txt (line 1))
  Using cached pydantic-2.13.3-py3-none-any.whl.metadata (108 kB)
Collecting typing-extensions>=4.8.0 (from fastapi==0.135.2->-r requirements.txt (line 1))
  Using cached typing_extensions-4.15.0-py3-none-any.whl.metadata (3.3 kB)
Collecting typing-inspection>=0.4.2 (from fastapi==0.135.2->-r requirements.txt (line 1))
  Using cached typing_inspection-0.4.2-py3-none-any.whl.metadata (2.6 kB)
Collecting annotated-doc>=0.0.2 (from fastapi==0.135.2->-r requirements.txt (line 1))
  Using cached annotated_doc-0.0.4-py3-none-any.whl.metadata (6.6 kB)
Collecting soupsieve>=1.6.1 (from beautifulsoup4==4.14.3->-r requirements.txt (line 2))
  Using cached soupsieve-2.8.3-py3-none-any.whl.metadata (4.6 kB)
Collecting greenlet>=1 (from SQLAlchemy==2.0.48->-r requirements.txt (line 3))
  Using cached greenlet-3.5.0-cp312-cp312-manylinux_2_24_x86_64.manylinux_2_28_x86_64.whl.metadata (3.7 kB)
Collecting annotated-types>=0.6.0 (from pydantic>=2.9.0->fastapi==0.135.2->-r requirements.txt (line 1))
  Using cached annotated_types-0.7.0-py3-none-any.whl.metadata (15 kB)
Collecting pydantic-core==2.46.3 (from pydantic>=2.9.0->fastapi==0.135.2->-r requirements.txt (line 1))
  Using cached pydantic_core-2.46.3-cp312-cp312-manylinux_2_17_x86_64.manylinux2014_x86_64.whl.metadata (6.6 kB)
Collecting anyio<5,>=3.6.2 (from starlette>=0.46.0->fastapi==0.135.2->-r requirements.txt (line 1))
  Using cached anyio-4.13.0-py3-none-any.whl.metadata (4.5 kB)
Collecting idna>=2.8 (from anyio<5,>=3.6.2->starlette>=0.46.0->fastapi==0.135.2->-r requirements.txt (line 1))
  Using cached idna-3.13-py3-none-any.whl.metadata (8.0 kB)
Using cached fastapi-0.135.2-py3-none-any.whl (117 kB)
Using cached beautifulsoup4-4.14.3-py3-none-any.whl (107 kB)
Using cached sqlalchemy-2.0.48-cp312-cp312-manylinux2014_x86_64.manylinux_2_17_x86_64.manylinux_2_28_x86_64.whl (3.3 MB)
Using cached sqlmodel-0.0.37-py3-none-any.whl (27 kB)
Using cached annotated_doc-0.0.4-py3-none-any.whl (5.3 kB)
Using cached greenlet-3.5.0-cp312-cp312-manylinux_2_24_x86_64.manylinux_2_28_x86_64.whl (611 kB)
Using cached pydantic-2.13.3-py3-none-any.whl (471 kB)
Using cached pydantic_core-2.46.3-cp312-cp312-manylinux_2_17_x86_64.manylinux2014_x86_64.whl (2.1 MB)
Using cached annotated_types-0.7.0-py3-none-any.whl (13 kB)
Using cached soupsieve-2.8.3-py3-none-any.whl (37 kB)
Using cached starlette-1.0.0-py3-none-any.whl (72 kB)
Using cached anyio-4.13.0-py3-none-any.whl (114 kB)
Using cached idna-3.13-py3-none-any.whl (68 kB)
Using cached typing_extensions-4.15.0-py3-none-any.whl (44 kB)
Using cached typing_inspection-0.4.2-py3-none-any.whl (14 kB)
Installing collected packages: typing-extensions, soupsieve, idna, greenlet, annotated-types, annotated-doc, typing-inspection, SQLAlchemy, pydantic-core, beautifulsoup4, anyio, starlette, pydantic, sqlmodel, fastapi

Successfully installed SQLAlchemy-2.0.48 annotated-doc-0.0.4 annotated-types-0.7.0 anyio-4.13.0 beautifulsoup4-4.14.3 fastapi-0.135.2 greenlet-3.5.0 idna-3.13 pydantic-2.13.3 pydantic-core-2.46.3 soupsieve-2.8.3 sqlmodel-0.0.37 starlette-1.0.0 typing-extensions-4.15.0 typing-inspection-0.4.2
[INFO] Python dependencies have been installed successfully.
[INFO] Detected a SQL file. Setting up MySQL database...
[INFO] Database has been setup successfully.
